Exception at PC 0x00007FF99362F218
Exception at PC 0x00007FF99362F218
Exception at PC 0x00007FF99362F218
Exception at PC 0x00007FF99362F218
Unable to capture context for thread 39776 in process 34704, can not generate back trace
Exception at PC 0x00007FF92822BB93
Printing stacktrace...

[0]  [0x00007FF92822BB93]
[1]  [0x00007FF92822BB93]
[2]  [0x00007FF92822B4A1]
[3]  [0x00007FF92822B3EF]
[4]  [0x00007FF9282119FE]
[5]  [0x00007FF928210ED1]
[6]  [0x00007FF928210D76]
[7]  [0x00007FF9281B79F6]
[8]  [0x00007FF9281A7AFB]
[9]  [0x00007FF9282CE90A]
[10]  [0x00007FF9282E9F87]
[11]  [0x00007FF9282EA05F]
[12] (BaseThreadInitThunk+0x14) [0x00007FF996653034]
[13] (RtlUserThreadStart+0x21) [0x00007FF996891551]
Done
Exception at PC 0x00007FF927F31A52
Attemped to write at address 0x00007FF95E6EABA4
Printing stacktrace...

[0]  [0x00007FF927F31A52]
[1]  [0x00007FF927F31A52]
[2]  [0x00007FF927F31AD4]
[3]  [0x00007FF928073FF7]
[4]  [0x00007FF927F59128]
[5]  [0x00007FF92820DFB9]
[6]  [0x00007FF9283DEF23]
[7]  [0x00007FF9282EB06B]
[8]  [0x00007FF9282E08AF]
[9]  [0x00007FF9282E0A32]
[10] (RtlActivateActivationContextUnsafeFast+0x123) [0x00007FF996854143]
[11] (LdrShutdownProcess+0x125) [0x00007FF996860AF5]
[12] (RtlExitUserProcess+0xd8) [0x00007FF9968609B8]
[13] (FatalExit+0xa) [0x00007FF99665B19A]
[14] (exit+0x75) [0x00007FF994729CE5]
[15] (initterm_e+0x235) [0x00007FF99472A345]
[16]  [0x00000000004014CD]
[17]  [0x000000000040151B]
[18] (BaseThreadInitThunk+0x14) [0x00007FF996653034]
[19] (RtlUserThreadStart+0x21) [0x00007FF996891551]
Done
